<?xml version="1.0" encoding="UTF-8"?>
<!-- Generated by org.testng.reporters.JUnitReportReporter -->
<testsuite hostname="LAPTOP-T8I5JFI7" failures="0" tests="3" name="testNG.package2.TestNG0009_TwoParameters" time="0.012" errors="0" timestamp="2024-08-31T15:49:52 IST" skipped="0">
  <testcase classname="testNG.package2.TestNG0009_TwoParameters" name="registration" time="0.006"/>
  <system-out/>
  <testcase classname="testNG.package2.TestNG0009_TwoParameters" name="loginLogout" time="0.004"/>
  <system-out/>
  <testcase classname="testNG.package2.TestNG0009_TwoParameters" name="loginLogout" time="0.002"/>
  <system-out/>
</testsuite> <!-- testNG.package2.TestNG0009_TwoParameters -->
