<?xml version="1.0" encoding="UTF-8"?>
<!-- Generated by org.testng.reporters.JUnitReportReporter -->
<testsuite hostname="LAPTOP-T8I5JFI7" failures="0" tests="1" name="testNG.package2.TestNG0012_TestCase2" time="15.520" errors="0" timestamp="2024-08-31T16:20:43 IST" skipped="0">
  <testcase classname="testNG.package2.TestNG0012_TestCase2" name="search" time="15.520"/>
  <system-out/>
</testsuite> <!-- testNG.package2.TestNG0012_TestCase2 -->
