<?xml version="1.0" encoding="UTF-8"?>
<!-- Generated by org.testng.reporters.JUnitReportReporter -->
<testsuite hostname="LAPTOP-T8I5JFI7" failures="0" tests="5" name="testNG.package2.TestNG0030_DataProviderYoutubeSearch" time="59.705" errors="0" timestamp="2024-09-16T17:17:17 IST" skipped="0">
  <testcase classname="testNG.package2.TestNG0030_DataProviderYoutubeSearch" name="testcase1" time="11.032"/>
  <system-out/>
  <testcase classname="testNG.package2.TestNG0030_DataProviderYoutubeSearch" name="testcase1" time="13.308"/>
  <system-out/>
  <testcase classname="testNG.package2.TestNG0030_DataProviderYoutubeSearch" name="testcase1" time="10.876"/>
  <system-out/>
  <testcase classname="testNG.package2.TestNG0030_DataProviderYoutubeSearch" name="testcase1" time="11.872"/>
  <system-out/>
  <testcase classname="testNG.package2.TestNG0030_DataProviderYoutubeSearch" name="testcase1" time="12.617"/>
  <system-out/>
</testsuite> <!-- testNG.package2.TestNG0030_DataProviderYoutubeSearch -->
