<?xml version="1.0" encoding="UTF-8"?>
<!-- Generated by org.testng.reporters.JUnitReportReporter -->
<testsuite hostname="LAPTOP-T8I5JFI7" failures="0" tests="1" name="testNG.package2.TestNG0006_OrderTest" time="0.007" errors="0" timestamp="2024-08-31T15:33:10 IST" skipped="0">
  <testcase classname="testNG.package2.TestNG0006_OrderTest" name="test1" time="0.007"/>
  <system-out/>
</testsuite> <!-- testNG.package2.TestNG0006_OrderTest -->
