<?xml version="1.0" encoding="UTF-8"?>
<!-- Generated by org.testng.reporters.JUnitReportReporter -->
<testsuite hostname="LAPTOP-T8I5JFI7" failures="0" tests="3" name="testNG.package2.TestNG0003_ThreeTest" time="0.011" errors="0" timestamp="2024-08-31T15:21:13 IST" skipped="0">
  <testcase classname="testNG.package2.TestNG0003_ThreeTest" name="Test2" time="0.005"/>
  <system-out/>
  <testcase classname="testNG.package2.TestNG0003_ThreeTest" name="Test3" time="0.001"/>
  <system-out/>
  <testcase classname="testNG.package2.TestNG0003_ThreeTest" name="Test1" time="0.005"/>
  <system-out/>
</testsuite> <!-- testNG.package2.TestNG0003_ThreeTest -->
