<?xml version="1.0" encoding="UTF-8"?>
<!-- Generated by org.testng.reporters.JUnitReportReporter -->
<testsuite hostname="LAPTOP-T8I5JFI7" failures="0" tests="3" name="testNG.package2.TestNG0031_DataProviderGoogleSearch" time="39.432" errors="0" timestamp="2024-09-16T18:29:51 IST" skipped="0">
  <testcase classname="testNG.package2.TestNG0031_DataProviderGoogleSearch" name="testcase1" time="12.209"/>
  <system-out/>
  <testcase classname="testNG.package2.TestNG0031_DataProviderGoogleSearch" name="testcase1" time="18.240"/>
  <system-out/>
  <testcase classname="testNG.package2.TestNG0031_DataProviderGoogleSearch" name="testcase1" time="8.983"/>
  <system-out/>
</testsuite> <!-- testNG.package2.TestNG0031_DataProviderGoogleSearch -->
