<?xml version="1.0" encoding="UTF-8"?>
<!-- Generated by org.testng.reporters.JUnitReportReporter -->
<testsuite hostname="LAPTOP-T8I5JFI7" failures="0" tests="2" name="testNG.package2.TestNG0007_DisabledTest" time="0.007" errors="0" timestamp="2024-08-31T15:38:35 IST" skipped="1">
  <testcase classname="testNG.package2.TestNG0007_DisabledTest" name="login" time="0.007"/>
  <system-out/>
  <testcase classname="testNG.package2.TestNG0007_DisabledTest" name="registration">
    <skipped/>
  </testcase> <!-- registration -->
  <system-out/>
</testsuite> <!-- testNG.package2.TestNG0007_DisabledTest -->
