<?xml version="1.0" encoding="UTF-8"?>
<!-- Generated by org.testng.reporters.JUnitReportReporter -->
<testsuite hostname="LAPTOP-T8I5JFI7" failures="0" tests="9" name="testNG.package2.TestNG0025_AssertNotEquals" time="0.015" errors="0" timestamp="2024-09-16T16:04:39 IST" skipped="0">
  <testcase classname="testNG.package2.TestNG0025_AssertNotEquals" name="test5" time="0.002"/>
  <system-out/>
  <testcase classname="testNG.package2.TestNG0025_AssertNotEquals" name="test6" time="0.000"/>
  <system-out/>
  <testcase classname="testNG.package2.TestNG0025_AssertNotEquals" name="test8" time="0.000"/>
  <system-out/>
  <testcase classname="testNG.package2.TestNG0025_AssertNotEquals" name="test3" time="0.000"/>
  <system-out/>
  <testcase classname="testNG.package2.TestNG0025_AssertNotEquals" name="test4" time="0.001"/>
  <system-out/>
  <testcase classname="testNG.package2.TestNG0025_AssertNotEquals" name="test1" time="0.010"/>
  <system-out/>
  <testcase classname="testNG.package2.TestNG0025_AssertNotEquals" name="test2" time="0.000"/>
  <system-out/>
  <testcase classname="testNG.package2.TestNG0025_AssertNotEquals" name="test7" time="0.002"/>
  <system-out/>
  <testcase classname="testNG.package2.TestNG0025_AssertNotEquals" name="test9" time="0.000"/>
  <system-out/>
</testsuite> <!-- testNG.package2.TestNG0025_AssertNotEquals -->
