<?xml version="1.0" encoding="UTF-8"?>
<!-- Generated by org.testng.reporters.JUnitReportReporter -->
<testsuite hostname="LAPTOP-T8I5JFI7" failures="0" tests="1" name="testNG.package2.TestNG0017_Assertion1" time="0.010" errors="0" timestamp="2024-09-04T11:54:58 IST" skipped="0">
  <testcase classname="testNG.package2.TestNG0017_Assertion1" name="test1" time="0.010"/>
  <system-out/>
</testsuite> <!-- testNG.package2.TestNG0017_Assertion1 -->
