<?xml version="1.0" encoding="UTF-8"?>
<!-- Generated by org.testng.reporters.JUnitReportReporter -->
<testsuite hostname="LAPTOP-T8I5JFI7" failures="0" tests="2" name="testNG.package2.TestNGClass0002_TwoTest" time="0.008" errors="0" timestamp="2024-08-31T15:12:39 IST" skipped="0">
  <testcase classname="testNG.package2.TestNGClass0002_TwoTest" name="logout" time="0.002"/>
  <system-out/>
  <testcase classname="testNG.package2.TestNGClass0002_TwoTest" name="login" time="0.006"/>
  <system-out/>
</testsuite> <!-- testNG.package2.TestNGClass0002_TwoTest -->
