<?xml version="1.0" encoding="UTF-8"?>
<!-- Generated by org.testng.reporters.JUnitReportReporter -->
<testsuite hostname="LAPTOP-T8I5JFI7" failures="0" tests="2" name="testNG.package2.TestNG0013_CrossBrowser" time="95.235" errors="0" timestamp="2024-08-31T16:47:13 IST" skipped="0">
  <testcase classname="testNG.package2.TestNG0013_CrossBrowser" name="search" time="75.214"/>
  <system-out/>
  <testcase classname="testNG.package2.TestNG0013_CrossBrowser" name="search" time="20.021"/>
  <system-out/>
</testsuite> <!-- testNG.package2.TestNG0013_CrossBrowser -->
