<?xml version="1.0" encoding="UTF-8"?>
<!-- Generated by org.testng.reporters.JUnitReportReporter -->
<testsuite hostname="LAPTOP-T8I5JFI7" failures="0" tests="5" name="testNG.package2.TestNG0028_FiveIntegration" time="53.643" errors="0" timestamp="2024-09-16T16:49:06 IST" skipped="0">
  <testcase classname="testNG.package2.TestNG0028_FiveIntegration" name="offersPage" time="11.676"/>
  <system-out/>
  <testcase classname="testNG.package2.TestNG0028_FiveIntegration" name="logoPage" time="11.608"/>
  <system-out/>
  <testcase classname="testNG.package2.TestNG0028_FiveIntegration" name="fullBodyCheckupPage" time="9.423"/>
  <system-out/>
  <testcase classname="testNG.package2.TestNG0028_FiveIntegration" name="aboutUsPage" time="9.100"/>
  <system-out/>
  <testcase classname="testNG.package2.TestNG0028_FiveIntegration" name="offersAndFirstProductPage" time="11.836"/>
  <system-out/>
</testsuite> <!-- testNG.package2.TestNG0028_FiveIntegration -->
