<?xml version="1.0" encoding="UTF-8"?>
<!-- Generated by org.testng.reporters.JUnitReportReporter -->
<testsuite hostname="LAPTOP-T8I5JFI7" failures="0" tests="1" name="test.FbTestCase" time="8.077" errors="0" timestamp="2024-09-16T22:09:46 IST" skipped="0">
  <testcase classname="test.FbTestCase" name="login_to_facebook" time="8.077"/>
  <system-out/>
</testsuite> <!-- test.FbTestCase -->
