<?xml version="1.0" encoding="UTF-8"?>
<!-- Generated by org.testng.reporters.JUnitReportReporter -->
<testsuite hostname="LAPTOP-T8I5JFI7" failures="0" tests="5" name="testNG.package2.TestNG0029_DataProviderAmazonSearch" time="57.109" errors="0" timestamp="2024-09-16T17:07:29 IST" skipped="0">
  <testcase classname="testNG.package2.TestNG0029_DataProviderAmazonSearch" name="testcase1" time="11.908"/>
  <system-out/>
  <testcase classname="testNG.package2.TestNG0029_DataProviderAmazonSearch" name="testcase1" time="13.170"/>
  <system-out/>
  <testcase classname="testNG.package2.TestNG0029_DataProviderAmazonSearch" name="testcase1" time="10.996"/>
  <system-out/>
  <testcase classname="testNG.package2.TestNG0029_DataProviderAmazonSearch" name="testcase1" time="10.401"/>
  <system-out/>
  <testcase classname="testNG.package2.TestNG0029_DataProviderAmazonSearch" name="testcase1" time="10.634"/>
  <system-out/>
</testsuite> <!-- testNG.package2.TestNG0029_DataProviderAmazonSearch -->
