<?xml version="1.0" encoding="UTF-8"?>
<!-- Generated by org.testng.reporters.JUnitReportReporter -->
<testsuite hostname="LAPTOP-T8I5JFI7" failures="0" tests="3" name="testNG.package2.TestNG0008_Priority" time="0.010" errors="0" timestamp="2024-08-31T15:42:54 IST" skipped="0">
  <testcase classname="testNG.package2.TestNG0008_Priority" name="registration" time="0.006"/>
  <system-out/>
  <testcase classname="testNG.package2.TestNG0008_Priority" name="login" time="0.003"/>
  <system-out/>
  <testcase classname="testNG.package2.TestNG0008_Priority" name="logout" time="0.001"/>
  <system-out/>
</testsuite> <!-- testNG.package2.TestNG0008_Priority -->
