<?xml version="1.0" encoding="UTF-8"?>
<!-- Generated by org.testng.reporters.JUnitReportReporter -->
<testsuite hostname="LAPTOP-T8I5JFI7" failures="0" tests="1" name="testNG.package2.TestNG0037_ITestListener1" time="10.947" errors="0" timestamp="2024-09-16T20:10:46 IST" skipped="0">
  <testcase classname="testNG.package2.TestNG0037_ITestListener1" name="googleSearch" time="10.947"/>
  <system-out>
    <![CDATA[my test case is passed]]>
  </system-out>
</testsuite> <!-- testNG.package2.TestNG0037_ITestListener1 -->
