<?xml version="1.0" encoding="UTF-8"?>
<!-- Generated by org.testng.reporters.JUnitReportReporter -->
<testsuite hostname="LAPTOP-T8I5JFI7" failures="0" tests="1" name="testNG.package2.TestNG0026_AssertEqualsAmazon" time="30.446" errors="0" timestamp="2024-09-16T16:30:31 IST" skipped="0">
  <testcase classname="testNG.package2.TestNG0026_AssertEqualsAmazon" name="amazon_assertion" time="30.446"/>
  <system-out/>
</testsuite> <!-- testNG.package2.TestNG0026_AssertEqualsAmazon -->
