<?xml version="1.0" encoding="UTF-8"?>
<!-- Generated by org.testng.reporters.JUnitReportReporter -->
<testsuite hostname="LAPTOP-T8I5JFI7" failures="0" tests="4" name="testNG.package2.TestNG0004_invocationCount" time="0.013" errors="0" timestamp="2024-08-31T15:25:11 IST" skipped="0">
  <testcase classname="testNG.package2.TestNG0004_invocationCount" name="login" time="0.001"/>
  <system-out/>
  <testcase classname="testNG.package2.TestNG0004_invocationCount" name="login" time="0.007"/>
  <system-out/>
  <testcase classname="testNG.package2.TestNG0004_invocationCount" name="login" time="0.003"/>
  <system-out/>
  <testcase classname="testNG.package2.TestNG0004_invocationCount" name="login" time="0.002"/>
  <system-out/>
</testsuite> <!-- testNG.package2.TestNG0004_invocationCount -->
