<?xml version="1.0" encoding="UTF-8"?>
<!-- Generated by org.testng.reporters.JUnitReportReporter -->
<testsuite hostname="LAPTOP-T8I5JFI7" failures="0" tests="2" name="testNG.package2.TestNG0014_ParallelTesting" time="129.546" errors="0" timestamp="2024-08-31T17:01:28 IST" skipped="0">
  <testcase classname="testNG.package2.TestNG0014_ParallelTesting" name="search" time="55.915"/>
  <system-out/>
  <testcase classname="testNG.package2.TestNG0014_ParallelTesting" name="search" time="73.631"/>
  <system-out/>
</testsuite> <!-- testNG.package2.TestNG0014_ParallelTesting -->
