<?xml version="1.0" encoding="UTF-8"?>
<!-- Generated by org.testng.reporters.JUnitReportReporter -->
<testsuite hostname="LAPTOP-T8I5JFI7" failures="0" tests="1" name="testNG.package2.TestNG0021_Assertion5" time="0.009" errors="0" timestamp="2024-09-04T11:55:27 IST" skipped="0">
  <testcase classname="testNG.package2.TestNG0021_Assertion5" name="test1" time="0.009"/>
  <system-out/>
</testsuite> <!-- testNG.package2.TestNG0021_Assertion5 -->
