<?xml version="1.0" encoding="UTF-8"?>
<!-- Generated by org.testng.reporters.JUnitReportReporter -->
<testsuite hostname="LAPTOP-T8I5JFI7" failures="0" tests="2" name="testNG.package2.TestNG0038_ITestListenerTwoTestCases1" time="34.352" errors="0" timestamp="2024-09-16T21:50:33 IST" skipped="0">
  <testcase classname="testNG.package2.TestNG0038_ITestListenerTwoTestCases1" name="googleWiki" time="18.407"/>
  <system-out>
    <![CDATA[my test case is passed]]>
  </system-out>
  <testcase classname="testNG.package2.TestNG0038_ITestListenerTwoTestCases1" name="googlePostOffice" time="15.945"/>
  <system-out>
    <![CDATA[my test case is passed]]>
  </system-out>
</testsuite> <!-- testNG.package2.TestNG0038_ITestListenerTwoTestCases1 -->
