<?xml version="1.0" encoding="UTF-8"?>
<!-- Generated by org.testng.reporters.JUnitReportReporter -->
<testsuite hostname="LAPTOP-T8I5JFI7" failures="0" tests="4" name="testNG.package2.TestNG0035_DataProviderThreeSet" time="40.895" errors="0" timestamp="2024-09-16T19:14:03 IST" skipped="0">
  <testcase classname="testNG.package2.TestNG0035_DataProviderThreeSet" name="testcase1" time="9.469"/>
  <system-out/>
  <testcase classname="testNG.package2.TestNG0035_DataProviderThreeSet" name="testcase1" time="10.188"/>
  <system-out/>
  <testcase classname="testNG.package2.TestNG0035_DataProviderThreeSet" name="testcase1" time="10.791"/>
  <system-out/>
  <testcase classname="testNG.package2.TestNG0035_DataProviderThreeSet" name="testcase1" time="10.447"/>
  <system-out/>
</testsuite> <!-- testNG.package2.TestNG0035_DataProviderThreeSet -->
