<?xml version="1.0" encoding="UTF-8"?>
<!-- Generated by org.testng.reporters.JUnitReportReporter -->
<testsuite hostname="LAPTOP-T8I5JFI7" failures="0" tests="1" name="testNG.package2.TestNG0015_PTTestCase2" time="112.874" errors="0" timestamp="2024-09-04T11:17:43 IST" skipped="0">
  <testcase classname="testNG.package2.TestNG0015_PTTestCase2" name="search" time="112.874"/>
  <system-out/>
</testsuite> <!-- testNG.package2.TestNG0015_PTTestCase2 -->
