<?xml version="1.0" encoding="UTF-8"?>
<!-- Generated by org.testng.reporters.JUnitReportReporter -->
<testsuite hostname="LAPTOP-T8I5JFI7" failures="0" tests="3" name="testNG.package2.TestNG0016_Grouping" time="0.011" errors="0" timestamp="2024-09-04T11:37:00 IST" skipped="0">
  <testcase classname="testNG.package2.TestNG0016_Grouping" name="test4" time="0.002"/>
  <system-out/>
  <testcase classname="testNG.package2.TestNG0016_Grouping" name="test2" time="0.007"/>
  <system-out/>
  <testcase classname="testNG.package2.TestNG0016_Grouping" name="test3" time="0.002"/>
  <system-out/>
</testsuite> <!-- testNG.package2.TestNG0016_Grouping -->
